d:\programming\c++\객체지향 football\football\football\debug\vc140.pdb
d:\programming\c++\객체지향 football\football\football\debug\vc140.idb
d:\programming\c++\객체지향 football\football\football\debug\ball.obj
d:\programming\c++\객체지향 football\football\football\debug\game.obj
d:\programming\c++\객체지향 football\football\football\debug\gameentity.obj
d:\programming\c++\객체지향 football\football\football\debug\goalpost.obj
d:\programming\c++\객체지향 football\football\football\debug\main.obj
d:\programming\c++\객체지향 football\football\football\debug\player.obj
d:\programming\c++\객체지향 football\football\football\debug\screen.obj
d:\programming\c++\객체지향 football\football\football\debug\stage.obj
d:\programming\c++\객체지향 football\football\football\debug\stage1.obj
d:\programming\c++\객체지향 football\football\football\debug\stage2.obj
d:\programming\c++\객체지향 football\football\debug\football.ilk
d:\programming\c++\객체지향 football\football\debug\football.exe
d:\programming\c++\객체지향 football\football\debug\football.pdb
d:\programming\c++\객체지향 football\football\football\debug\main.obj.enc
d:\programming\c++\객체지향 football\football\football\debug\football.tlog\cl.command.1.tlog
d:\programming\c++\객체지향 football\football\football\debug\football.tlog\cl.read.1.tlog
d:\programming\c++\객체지향 football\football\football\debug\football.tlog\cl.write.1.tlog
d:\programming\c++\객체지향 football\football\football\debug\football.tlog\link.command.1.tlog
d:\programming\c++\객체지향 football\football\football\debug\football.tlog\link.read.1.tlog
d:\programming\c++\객체지향 football\football\football\debug\football.tlog\link.write.1.tlog
